<?xml version="1.0" encoding="UTF-8"?>
<testsuite xmlns:xsi="http://www.w3.org/2001/XMLSchema-instance" xsi:noNamespaceSchemaLocation="https://maven.apache.org/surefire/maven-surefire-plugin/xsd/surefire-test-report-3.0.xsd" version="3.0" name="com.udla.StudentServiceTest" time="0.029" tests="5" errors="0" skipped="0" failures="0">
  <properties>
[...]
</properties>
  <testcase name="testGetAllReturnsCopy" classname="com.udla.StudentServiceTest" time="0.004"/>
  <testcase name="testListStudentsEmpty" classname="com.udla.StudentServiceTest" time="0.003"/>
  <testcase name="testListStudentsOutput" classname="com.udla.StudentServiceTest" time="0.01"/>
  <testcase name="testAddStudentAndGetAll" classname="com.udla.StudentServiceTest" time="0.001"/>
  <testcase name="testAddStudentInvalidData" classname="com.udla.StudentServiceTest" time="0.002"/>
</testsuite>